<?xml version="1.0" encoding="UTF-8"?>
<coverage generated="1765078900649" clover="3.2.0">
  <project timestamp="1765078900650" name="All files">
    <metrics statements="154" coveredstatements="80" conditionals="91" coveredconditionals="31" methods="44" coveredmethods="28" elements="289" coveredelements="139" complexity="0" loc="154" ncloc="154" packages="1" files="1" classes="1"/>
    <file name="reports.ts" path="C:\Aplikasi FINAL SEMUA Proyek\APLIKASI KASIR\src\api\reports.ts">
      <metrics statements="154" coveredstatements="80" conditionals="91" coveredconditionals="31" methods="44" coveredmethods="28"/>
      <line num="85" count="0" type="stmt"/>
      <line num="88" count="0" type="stmt"/>
      <line num="95" count="0" type="cond" truecount="0" falsecount="2"/>
      <line num="97" count="0" type="cond" truecount="0" falsecount="2"/>
      <line num="100" count="0" type="stmt"/>
      <line num="101" count="0" type="stmt"/>
      <line num="102" count="0" type="cond" truecount="0" falsecount="2"/>
      <line num="105" count="0" type="stmt"/>
      <line num="108" count="0" type="stmt"/>
      <line num="109" count="0" type="stmt"/>
      <line num="111" count="0" type="stmt"/>
      <line num="128" count="501" type="stmt"/>
      <line num="130" count="501" type="stmt"/>
      <line num="131" count="2774" type="stmt"/>
      <line num="134" count="2774" type="cond" truecount="2" falsecount="0"/>
      <line num="136" count="588" type="stmt"/>
      <line num="139" count="2186" type="stmt"/>
      <line num="142" count="2774" type="cond" truecount="2" falsecount="0"/>
      <line num="143" count="2774" type="stmt"/>
      <line num="150" count="501" type="stmt"/>
      <line num="151" count="2383" type="stmt"/>
      <line num="156" count="4137" type="stmt"/>
      <line num="170" count="0" type="stmt"/>
      <line num="183" count="0" type="cond" truecount="0" falsecount="2"/>
      <line num="186" count="0" type="stmt"/>
      <line num="188" count="0" type="cond" truecount="0" falsecount="2"/>
      <line num="189" count="0" type="stmt"/>
      <line num="191" count="0" type="stmt"/>
      <line num="192" count="0" type="cond" truecount="0" falsecount="2"/>
      <line num="193" count="0" type="cond" truecount="0" falsecount="2"/>
      <line num="195" count="0" type="stmt"/>
      <line num="203" count="0" type="stmt"/>
      <line num="204" count="0" type="stmt"/>
      <line num="210" count="0" type="stmt"/>
      <line num="224" count="0" type="stmt"/>
      <line num="237" count="0" type="cond" truecount="0" falsecount="2"/>
      <line num="240" count="0" type="stmt"/>
      <line num="242" count="0" type="cond" truecount="0" falsecount="2"/>
      <line num="243" count="0" type="stmt"/>
      <line num="245" count="0" type="stmt"/>
      <line num="246" count="0" type="cond" truecount="0" falsecount="2"/>
      <line num="247" count="0" type="cond" truecount="0" falsecount="2"/>
      <line num="249" count="0" type="stmt"/>
      <line num="257" count="0" type="stmt"/>
      <line num="258" count="0" type="stmt"/>
      <line num="264" count="0" type="stmt"/>
      <line num="276" count="0" type="stmt"/>
      <line num="279" count="0" type="stmt"/>
      <line num="285" count="0" type="cond" truecount="0" falsecount="2"/>
      <line num="288" count="0" type="stmt"/>
      <line num="300" count="0" type="cond" truecount="0" falsecount="2"/>
      <line num="303" count="0" type="stmt"/>
      <line num="305" count="0" type="cond" truecount="0" falsecount="2"/>
      <line num="307" count="0" type="stmt"/>
      <line num="308" count="0" type="stmt"/>
      <line num="309" count="0" type="cond" truecount="0" falsecount="2"/>
      <line num="311" count="0" type="stmt"/>
      <line num="312" count="0" type="stmt"/>
      <line num="313" count="0" type="stmt"/>
      <line num="314" count="0" type="stmt"/>
      <line num="317" count="0" type="stmt"/>
      <line num="318" count="0" type="stmt"/>
      <line num="324" count="0" type="stmt"/>
      <line num="326" count="0" type="stmt"/>
      <line num="327" count="0" type="stmt"/>
      <line num="329" count="0" type="stmt"/>
      <line num="349" count="401" type="stmt"/>
      <line num="351" count="401" type="stmt"/>
      <line num="352" count="2258" type="cond" truecount="2" falsecount="0"/>
      <line num="353" count="2258" type="stmt"/>
      <line num="360" count="401" type="stmt"/>
      <line num="361" count="2258" type="stmt"/>
      <line num="367" count="4267" type="stmt"/>
      <line num="378" count="201" type="stmt"/>
      <line num="380" count="201" type="stmt"/>
      <line num="381" count="1120" type="cond" truecount="2" falsecount="0"/>
      <line num="382" count="1120" type="stmt"/>
      <line num="389" count="201" type="stmt"/>
      <line num="390" count="1120" type="stmt"/>
      <line num="396" count="2147" type="stmt"/>
      <line num="410" count="7123" type="cond" truecount="2" falsecount="0"/>
      <line num="411" count="764" type="stmt"/>
      <line num="412" count="6359" type="cond" truecount="2" falsecount="0"/>
      <line num="413" count="5690" type="stmt"/>
      <line num="415" count="669" type="stmt"/>
      <line num="433" count="1302" type="stmt"/>
      <line num="434" count="7116" type="stmt"/>
      <line num="435" count="7116" type="stmt"/>
      <line num="437" count="7116" type="stmt"/>
      <line num="449" count="1302" type="stmt"/>
      <line num="450" count="7116" type="stmt"/>
      <line num="454" count="1302" type="stmt"/>
      <line num="455" count="7116" type="stmt"/>
      <line num="458" count="1302" type="stmt"/>
      <line num="474" count="601" type="stmt"/>
      <line num="476" count="601" type="cond" truecount="2" falsecount="0"/>
      <line num="477" count="301" type="stmt"/>
      <line num="478" count="1833" type="stmt"/>
      <line num="482" count="601" type="cond" truecount="2" falsecount="0"/>
      <line num="483" count="300" type="stmt"/>
      <line num="484" count="1505" type="stmt"/>
      <line num="488" count="601" type="stmt"/>
      <line num="489" count="1548" type="stmt"/>
      <line num="493" count="601" type="stmt"/>
      <line num="494" count="1548" type="stmt"/>
      <line num="497" count="601" type="stmt"/>
      <line num="511" count="0" type="stmt"/>
      <line num="517" count="0" type="cond" truecount="0" falsecount="2"/>
      <line num="520" count="0" type="cond" truecount="0" falsecount="2"/>
      <line num="523" count="0" type="cond" truecount="0" falsecount="5"/>
      <line num="524" count="0" type="stmt"/>
      <line num="527" count="0" type="stmt"/>
      <line num="581" count="501" type="stmt"/>
      <line num="582" count="2955" type="stmt"/>
      <line num="586" count="501" type="stmt"/>
      <line num="588" count="501" type="stmt"/>
      <line num="589" count="2289" type="cond" truecount="2" falsecount="0"/>
      <line num="593" count="2289" type="cond" truecount="2" falsecount="0"/>
      <line num="594" count="1494" type="stmt"/>
      <line num="595" count="795" type="cond" truecount="2" falsecount="0"/>
      <line num="596" count="538" type="stmt"/>
      <line num="599" count="257" type="stmt"/>
      <line num="602" count="2289" type="stmt"/>
      <line num="603" count="2289" type="stmt"/>
      <line num="605" count="2289" type="stmt"/>
      <line num="619" count="501" type="stmt"/>
      <line num="631" count="500" type="stmt"/>
      <line num="633" count="500" type="cond" truecount="2" falsecount="0"/>
      <line num="634" count="100" type="stmt"/>
      <line num="635" count="653" type="stmt"/>
      <line num="638" count="500" type="cond" truecount="2" falsecount="0"/>
      <line num="639" count="100" type="stmt"/>
      <line num="640" count="475" type="stmt"/>
      <line num="643" count="500" type="cond" truecount="2" falsecount="0"/>
      <line num="644" count="597" type="stmt"/>
      <line num="647" count="500" type="cond" truecount="2" falsecount="0"/>
      <line num="648" count="1165" type="stmt"/>
      <line num="651" count="500" type="stmt"/>
      <line num="664" count="100" type="cond" truecount="1" falsecount="1"/>
      <line num="667" count="100" type="stmt"/>
      <line num="669" count="100" type="stmt"/>
      <line num="681" count="0" type="stmt"/>
      <line num="696" count="0" type="cond" truecount="0" falsecount="2"/>
      <line num="697" count="0" type="stmt"/>
      <line num="699" count="0" type="cond" truecount="0" falsecount="2"/>
      <line num="700" count="0" type="stmt"/>
      <line num="702" count="0" type="cond" truecount="0" falsecount="2"/>
      <line num="703" count="0" type="stmt"/>
      <line num="705" count="0" type="cond" truecount="0" falsecount="2"/>
      <line num="706" count="0" type="stmt"/>
      <line num="709" count="0" type="stmt"/>
      <line num="711" count="0" type="cond" truecount="0" falsecount="2"/>
      <line num="714" count="0" type="cond" truecount="0" falsecount="2"/>
      <line num="727" count="0" type="stmt"/>
    </file>
  </project>
</coverage>
