{"C:\\Aplikasi FINAL SEMUA Proyek\\APLIKASI KASIR\\src\\api\\reports.ts": {"path":"C:\\Aplikasi FINAL SEMUA Proyek\\APLIKASI KASIR\\src\\api\\reports.ts","statementMap":{"0":{"start":{"line":85,"column":33},"end":{"line":85,"column":null}},"1":{"start":{"line":88,"column":49},"end":{"line":93,"column":null}},"2":{"start":{"line":95,"column":2},"end":{"line":95,"column":null}},"3":{"start":{"line":95,"column":15},"end":{"line":95,"column":null}},"4":{"start":{"line":97,"column":17},"end":{"line":97,"column":null}},"5":{"start":{"line":100,"column":21},"end":{"line":100,"column":null}},"6":{"start":{"line":100,"column":48},"end":{"line":100,"column":79}},"7":{"start":{"line":101,"column":28},"end":{"line":101,"column":null}},"8":{"start":{"line":102,"column":29},"end":{"line":102,"column":null}},"9":{"start":{"line":105,"column":24},"end":{"line":105,"column":null}},"10":{"start":{"line":108,"column":32},"end":{"line":108,"column":null}},"11":{"start":{"line":109,"column":31},"end":{"line":109,"column":null}},"12":{"start":{"line":111,"column":2},"end":{"line":118,"column":null}},"13":{"start":{"line":128,"column":18},"end":{"line":128,"column":null}},"14":{"start":{"line":130,"column":2},"end":{"line":147,"column":null}},"15":{"start":{"line":131,"column":17},"end":{"line":131,"column":null}},"16":{"start":{"line":134,"column":4},"end":{"line":140,"column":null}},"17":{"start":{"line":136,"column":6},"end":{"line":136,"column":null}},"18":{"start":{"line":139,"column":6},"end":{"line":139,"column":null}},"19":{"start":{"line":142,"column":21},"end":{"line":142,"column":null}},"20":{"start":{"line":143,"column":4},"end":{"line":146,"column":null}},"21":{"start":{"line":150,"column":2},"end":{"line":156,"column":null}},"22":{"start":{"line":151,"column":30},"end":{"line":155,"column":6}},"23":{"start":{"line":156,"column":20},"end":{"line":156,"column":59}},"24":{"start":{"line":170,"column":26},"end":{"line":181,"column":null}},"25":{"start":{"line":183,"column":2},"end":{"line":183,"column":null}},"26":{"start":{"line":183,"column":13},"end":{"line":183,"column":null}},"27":{"start":{"line":186,"column":21},"end":{"line":186,"column":null}},"28":{"start":{"line":188,"column":2},"end":{"line":200,"column":null}},"29":{"start":{"line":189,"column":22},"end":{"line":189,"column":null}},"30":{"start":{"line":191,"column":24},"end":{"line":191,"column":null}},"31":{"start":{"line":192,"column":24},"end":{"line":192,"column":null}},"32":{"start":{"line":193,"column":21},"end":{"line":193,"column":null}},"33":{"start":{"line":195,"column":4},"end":{"line":199,"column":null}},"34":{"start":{"line":203,"column":2},"end":{"line":211,"column":null}},"35":{"start":{"line":204,"column":33},"end":{"line":209,"column":6}},"36":{"start":{"line":210,"column":20},"end":{"line":210,"column":43}},"37":{"start":{"line":224,"column":26},"end":{"line":235,"column":null}},"38":{"start":{"line":237,"column":2},"end":{"line":237,"column":null}},"39":{"start":{"line":237,"column":13},"end":{"line":237,"column":null}},"40":{"start":{"line":240,"column":21},"end":{"line":240,"column":null}},"41":{"start":{"line":242,"column":2},"end":{"line":254,"column":null}},"42":{"start":{"line":243,"column":22},"end":{"line":243,"column":null}},"43":{"start":{"line":245,"column":24},"end":{"line":245,"column":null}},"44":{"start":{"line":246,"column":24},"end":{"line":246,"column":null}},"45":{"start":{"line":247,"column":21},"end":{"line":247,"column":null}},"46":{"start":{"line":249,"column":4},"end":{"line":253,"column":null}},"47":{"start":{"line":257,"column":2},"end":{"line":265,"column":null}},"48":{"start":{"line":258,"column":33},"end":{"line":263,"column":6}},"49":{"start":{"line":264,"column":20},"end":{"line":264,"column":41}},"50":{"start":{"line":276,"column":33},"end":{"line":276,"column":null}},"51":{"start":{"line":279,"column":49},"end":{"line":283,"column":null}},"52":{"start":{"line":285,"column":2},"end":{"line":285,"column":null}},"53":{"start":{"line":285,"column":20},"end":{"line":285,"column":null}},"54":{"start":{"line":288,"column":45},"end":{"line":298,"column":null}},"55":{"start":{"line":300,"column":2},"end":{"line":300,"column":null}},"56":{"start":{"line":300,"column":18},"end":{"line":300,"column":null}},"57":{"start":{"line":303,"column":19},"end":{"line":303,"column":null}},"58":{"start":{"line":305,"column":2},"end":{"line":315,"column":null}},"59":{"start":{"line":307,"column":15},"end":{"line":307,"column":null}},"60":{"start":{"line":308,"column":21},"end":{"line":308,"column":null}},"61":{"start":{"line":309,"column":21},"end":{"line":309,"column":null}},"62":{"start":{"line":311,"column":4},"end":{"line":311,"column":null}},"63":{"start":{"line":312,"column":4},"end":{"line":312,"column":null}},"64":{"start":{"line":313,"column":4},"end":{"line":313,"column":null}},"65":{"start":{"line":314,"column":4},"end":{"line":314,"column":null}},"66":{"start":{"line":317,"column":23},"end":{"line":324,"column":null}},"67":{"start":{"line":318,"column":28},"end":{"line":323,"column":6}},"68":{"start":{"line":324,"column":20},"end":{"line":324,"column":48}},"69":{"start":{"line":326,"column":24},"end":{"line":326,"column":null}},"70":{"start":{"line":326,"column":56},"end":{"line":326,"column":74}},"71":{"start":{"line":327,"column":23},"end":{"line":327,"column":null}},"72":{"start":{"line":327,"column":55},"end":{"line":327,"column":72}},"73":{"start":{"line":329,"column":2},"end":{"line":335,"column":null}},"74":{"start":{"line":349,"column":21},"end":{"line":349,"column":null}},"75":{"start":{"line":351,"column":2},"end":{"line":358,"column":null}},"76":{"start":{"line":352,"column":21},"end":{"line":352,"column":null}},"77":{"start":{"line":353,"column":4},"end":{"line":357,"column":null}},"78":{"start":{"line":360,"column":2},"end":{"line":368,"column":null}},"79":{"start":{"line":361,"column":33},"end":{"line":366,"column":6}},"80":{"start":{"line":367,"column":20},"end":{"line":367,"column":43}},"81":{"start":{"line":378,"column":21},"end":{"line":378,"column":null}},"82":{"start":{"line":380,"column":2},"end":{"line":387,"column":null}},"83":{"start":{"line":381,"column":21},"end":{"line":381,"column":null}},"84":{"start":{"line":382,"column":4},"end":{"line":386,"column":null}},"85":{"start":{"line":389,"column":2},"end":{"line":397,"column":null}},"86":{"start":{"line":390,"column":33},"end":{"line":395,"column":6}},"87":{"start":{"line":396,"column":20},"end":{"line":396,"column":41}},"88":{"start":{"line":410,"column":2},"end":{"line":414,"column":null}},"89":{"start":{"line":411,"column":4},"end":{"line":411,"column":null}},"90":{"start":{"line":412,"column":2},"end":{"line":414,"column":null}},"91":{"start":{"line":413,"column":4},"end":{"line":413,"column":null}},"92":{"start":{"line":415,"column":2},"end":{"line":415,"column":null}},"93":{"start":{"line":433,"column":48},"end":{"line":447,"column":null}},"94":{"start":{"line":434,"column":24},"end":{"line":434,"column":null}},"95":{"start":{"line":435,"column":23},"end":{"line":435,"column":null}},"96":{"start":{"line":437,"column":4},"end":{"line":446,"column":null}},"97":{"start":{"line":449,"column":30},"end":{"line":452,"column":null}},"98":{"start":{"line":450,"column":22},"end":{"line":450,"column":null}},"99":{"start":{"line":454,"column":24},"end":{"line":456,"column":null}},"100":{"start":{"line":455,"column":15},"end":{"line":455,"column":null}},"101":{"start":{"line":458,"column":2},"end":{"line":462,"column":null}},"102":{"start":{"line":474,"column":25},"end":{"line":474,"column":null}},"103":{"start":{"line":476,"column":2},"end":{"line":480,"column":null}},"104":{"start":{"line":477,"column":4},"end":{"line":479,"column":null}},"105":{"start":{"line":478,"column":17},"end":{"line":478,"column":null}},"106":{"start":{"line":482,"column":2},"end":{"line":486,"column":null}},"107":{"start":{"line":483,"column":4},"end":{"line":485,"column":null}},"108":{"start":{"line":484,"column":17},"end":{"line":484,"column":null}},"109":{"start":{"line":488,"column":30},"end":{"line":491,"column":null}},"110":{"start":{"line":489,"column":22},"end":{"line":489,"column":null}},"111":{"start":{"line":493,"column":24},"end":{"line":495,"column":null}},"112":{"start":{"line":494,"column":15},"end":{"line":494,"column":null}},"113":{"start":{"line":497,"column":2},"end":{"line":501,"column":null}},"114":{"start":{"line":511,"column":36},"end":{"line":515,"column":null}},"115":{"start":{"line":517,"column":2},"end":{"line":517,"column":null}},"116":{"start":{"line":517,"column":13},"end":{"line":517,"column":null}},"117":{"start":{"line":520,"column":21},"end":{"line":520,"column":null}},"118":{"start":{"line":523,"column":2},"end":{"line":525,"column":null}},"119":{"start":{"line":524,"column":4},"end":{"line":524,"column":null}},"120":{"start":{"line":527,"column":2},"end":{"line":527,"column":null}},"121":{"start":{"line":581,"column":26},"end":{"line":583,"column":null}},"122":{"start":{"line":582,"column":14},"end":{"line":582,"column":null}},"123":{"start":{"line":586,"column":26},"end":{"line":586,"column":null}},"124":{"start":{"line":588,"column":38},"end":{"line":616,"column":null}},"125":{"start":{"line":589,"column":27},"end":{"line":589,"column":null}},"126":{"start":{"line":593,"column":4},"end":{"line":600,"column":null}},"127":{"start":{"line":594,"column":6},"end":{"line":594,"column":null}},"128":{"start":{"line":595,"column":4},"end":{"line":600,"column":null}},"129":{"start":{"line":596,"column":6},"end":{"line":596,"column":null}},"130":{"start":{"line":599,"column":6},"end":{"line":599,"column":null}},"131":{"start":{"line":602,"column":23},"end":{"line":602,"column":null}},"132":{"start":{"line":603,"column":4},"end":{"line":603,"column":null}},"133":{"start":{"line":605,"column":4},"end":{"line":615,"column":null}},"134":{"start":{"line":619,"column":2},"end":{"line":619,"column":null}},"135":{"start":{"line":631,"column":17},"end":{"line":631,"column":null}},"136":{"start":{"line":633,"column":2},"end":{"line":636,"column":null}},"137":{"start":{"line":634,"column":22},"end":{"line":634,"column":null}},"138":{"start":{"line":635,"column":4},"end":{"line":635,"column":null}},"139":{"start":{"line":635,"column":36},"end":{"line":635,"column":81}},"140":{"start":{"line":638,"column":2},"end":{"line":641,"column":null}},"141":{"start":{"line":639,"column":20},"end":{"line":639,"column":null}},"142":{"start":{"line":640,"column":4},"end":{"line":640,"column":null}},"143":{"start":{"line":640,"column":36},"end":{"line":640,"column":79}},"144":{"start":{"line":643,"column":2},"end":{"line":645,"column":null}},"145":{"start":{"line":644,"column":4},"end":{"line":644,"column":null}},"146":{"start":{"line":644,"column":36},"end":{"line":644,"column":70}},"147":{"start":{"line":647,"column":2},"end":{"line":649,"column":null}},"148":{"start":{"line":648,"column":4},"end":{"line":648,"column":null}},"149":{"start":{"line":648,"column":36},"end":{"line":648,"column":76}},"150":{"start":{"line":651,"column":2},"end":{"line":651,"column":null}},"151":{"start":{"line":664,"column":28},"end":{"line":664,"column":null}},"152":{"start":{"line":667,"column":29},"end":{"line":667,"column":null}},"153":{"start":{"line":669,"column":2},"end":{"line":671,"column":null}},"154":{"start":{"line":681,"column":14},"end":{"line":693,"column":null}},"155":{"start":{"line":696,"column":2},"end":{"line":698,"column":null}},"156":{"start":{"line":697,"column":4},"end":{"line":697,"column":null}},"157":{"start":{"line":699,"column":2},"end":{"line":701,"column":null}},"158":{"start":{"line":700,"column":4},"end":{"line":700,"column":null}},"159":{"start":{"line":702,"column":2},"end":{"line":704,"column":null}},"160":{"start":{"line":703,"column":4},"end":{"line":703,"column":null}},"161":{"start":{"line":705,"column":2},"end":{"line":707,"column":null}},"162":{"start":{"line":706,"column":4},"end":{"line":706,"column":null}},"163":{"start":{"line":709,"column":26},"end":{"line":709,"column":null}},"164":{"start":{"line":711,"column":2},"end":{"line":711,"column":null}},"165":{"start":{"line":711,"column":13},"end":{"line":711,"column":null}},"166":{"start":{"line":714,"column":8},"end":{"line":724,"column":null}},"167":{"start":{"line":714,"column":64},"end":{"line":724,"column":4}},"168":{"start":{"line":727,"column":2},"end":{"line":727,"column":null}}},"fnMap":{"0":{"name":"getSalesReport","decl":{"start":{"line":81,"column":22},"end":{"line":81,"column":null}},"loc":{"start":{"line":84,"column":28},"end":{"line":119,"column":null}},"line":84},"1":{"name":"(anonymous_1)","decl":{"start":{"line":100,"column":35},"end":{"line":100,"column":36}},"loc":{"start":{"line":100,"column":48},"end":{"line":100,"column":79}},"line":100},"2":{"name":"groupSalesByPeriod","decl":{"start":{"line":124,"column":9},"end":{"line":124,"column":null}},"loc":{"start":{"line":127,"column":19},"end":{"line":157,"column":null}},"line":127},"3":{"name":"(anonymous_3)","decl":{"start":{"line":151,"column":9},"end":{"line":151,"column":10}},"loc":{"start":{"line":151,"column":30},"end":{"line":155,"column":6}},"line":151},"4":{"name":"(anonymous_4)","decl":{"start":{"line":156,"column":10},"end":{"line":156,"column":11}},"loc":{"start":{"line":156,"column":20},"end":{"line":156,"column":59}},"line":156},"5":{"name":"getTopProductsByQuantity","decl":{"start":{"line":165,"column":15},"end":{"line":165,"column":null}},"loc":{"start":{"line":168,"column":25},"end":{"line":212,"column":null}},"line":168},"6":{"name":"(anonymous_6)","decl":{"start":{"line":204,"column":9},"end":{"line":204,"column":10}},"loc":{"start":{"line":204,"column":33},"end":{"line":209,"column":6}},"line":204},"7":{"name":"(anonymous_7)","decl":{"start":{"line":210,"column":10},"end":{"line":210,"column":11}},"loc":{"start":{"line":210,"column":20},"end":{"line":210,"column":43}},"line":210},"8":{"name":"getTopProductsByRevenue","decl":{"start":{"line":219,"column":15},"end":{"line":219,"column":null}},"loc":{"start":{"line":222,"column":25},"end":{"line":266,"column":null}},"line":222},"9":{"name":"(anonymous_9)","decl":{"start":{"line":258,"column":9},"end":{"line":258,"column":10}},"loc":{"start":{"line":258,"column":33},"end":{"line":263,"column":6}},"line":258},"10":{"name":"(anonymous_10)","decl":{"start":{"line":264,"column":10},"end":{"line":264,"column":11}},"loc":{"start":{"line":264,"column":20},"end":{"line":264,"column":41}},"line":264},"11":{"name":"getProductSalesHistory","decl":{"start":{"line":272,"column":22},"end":{"line":272,"column":null}},"loc":{"start":{"line":275,"column":32},"end":{"line":336,"column":null}},"line":275},"12":{"name":"(anonymous_12)","decl":{"start":{"line":318,"column":9},"end":{"line":318,"column":10}},"loc":{"start":{"line":318,"column":28},"end":{"line":323,"column":6}},"line":318},"13":{"name":"(anonymous_13)","decl":{"start":{"line":324,"column":10},"end":{"line":324,"column":11}},"loc":{"start":{"line":324,"column":20},"end":{"line":324,"column":48}},"line":324},"14":{"name":"(anonymous_14)","decl":{"start":{"line":326,"column":44},"end":{"line":326,"column":45}},"loc":{"start":{"line":326,"column":56},"end":{"line":326,"column":74}},"line":326},"15":{"name":"(anonymous_15)","decl":{"start":{"line":327,"column":43},"end":{"line":327,"column":44}},"loc":{"start":{"line":327,"column":55},"end":{"line":327,"column":72}},"line":327},"16":{"name":"aggregateTopProductsByQuantity","decl":{"start":{"line":346,"column":16},"end":{"line":346,"column":null}},"loc":{"start":{"line":348,"column":16},"end":{"line":369,"column":null}},"line":348},"17":{"name":"(anonymous_17)","decl":{"start":{"line":361,"column":9},"end":{"line":361,"column":10}},"loc":{"start":{"line":361,"column":33},"end":{"line":366,"column":6}},"line":361},"18":{"name":"(anonymous_18)","decl":{"start":{"line":367,"column":10},"end":{"line":367,"column":11}},"loc":{"start":{"line":367,"column":20},"end":{"line":367,"column":43}},"line":367},"19":{"name":"aggregateTopProductsByRevenue","decl":{"start":{"line":375,"column":16},"end":{"line":375,"column":null}},"loc":{"start":{"line":377,"column":16},"end":{"line":398,"column":null}},"line":377},"20":{"name":"(anonymous_20)","decl":{"start":{"line":390,"column":9},"end":{"line":390,"column":10}},"loc":{"start":{"line":390,"column":33},"end":{"line":395,"column":6}},"line":390},"21":{"name":"(anonymous_21)","decl":{"start":{"line":396,"column":10},"end":{"line":396,"column":11}},"loc":{"start":{"line":396,"column":20},"end":{"line":396,"column":41}},"line":396},"22":{"name":"calculateStockStatus","decl":{"start":{"line":409,"column":16},"end":{"line":409,"column":37}},"loc":{"start":{"line":409,"column":90},"end":{"line":416,"column":null}},"line":409},"23":{"name":"processStockReportData","decl":{"start":{"line":423,"column":16},"end":{"line":423,"column":null}},"loc":{"start":{"line":432,"column":19},"end":{"line":463,"column":null}},"line":432},"24":{"name":"(anonymous_24)","decl":{"start":{"line":433,"column":61},"end":{"line":433,"column":72}},"loc":{"start":{"line":433,"column":72},"end":{"line":447,"column":3}},"line":433},"25":{"name":"(anonymous_25)","decl":{"start":{"line":450,"column":4},"end":{"line":450,"column":5}},"loc":{"start":{"line":450,"column":22},"end":{"line":450,"column":null}},"line":450},"26":{"name":"(anonymous_26)","decl":{"start":{"line":455,"column":4},"end":{"line":455,"column":15}},"loc":{"start":{"line":455,"column":15},"end":{"line":455,"column":null}},"line":455},"27":{"name":"filterStockReportData","decl":{"start":{"line":470,"column":16},"end":{"line":470,"column":null}},"loc":{"start":{"line":473,"column":19},"end":{"line":502,"column":null}},"line":473},"28":{"name":"(anonymous_28)","decl":{"start":{"line":478,"column":6},"end":{"line":478,"column":17}},"loc":{"start":{"line":478,"column":17},"end":{"line":478,"column":null}},"line":478},"29":{"name":"(anonymous_29)","decl":{"start":{"line":484,"column":6},"end":{"line":484,"column":17}},"loc":{"start":{"line":484,"column":17},"end":{"line":484,"column":null}},"line":484},"30":{"name":"(anonymous_30)","decl":{"start":{"line":489,"column":4},"end":{"line":489,"column":5}},"loc":{"start":{"line":489,"column":22},"end":{"line":489,"column":null}},"line":489},"31":{"name":"(anonymous_31)","decl":{"start":{"line":494,"column":4},"end":{"line":494,"column":15}},"loc":{"start":{"line":494,"column":15},"end":{"line":494,"column":null}},"line":494},"32":{"name":"getStockReport","decl":{"start":{"line":509,"column":22},"end":{"line":509,"column":37}},"loc":{"start":{"line":509,"column":87},"end":{"line":528,"column":null}},"line":509},"33":{"name":"calculateRunningBalance","decl":{"start":{"line":579,"column":16},"end":{"line":579,"column":40}},"loc":{"start":{"line":579,"column":87},"end":{"line":620,"column":null}},"line":579},"34":{"name":"(anonymous_34)","decl":{"start":{"line":582,"column":4},"end":{"line":582,"column":5}},"loc":{"start":{"line":582,"column":14},"end":{"line":582,"column":null}},"line":582},"35":{"name":"(anonymous_35)","decl":{"start":{"line":588,"column":58},"end":{"line":588,"column":70}},"loc":{"start":{"line":588,"column":70},"end":{"line":616,"column":3}},"line":588},"36":{"name":"filterMovements","decl":{"start":{"line":627,"column":16},"end":{"line":627,"column":null}},"loc":{"start":{"line":630,"column":17},"end":{"line":652,"column":null}},"line":630},"37":{"name":"(anonymous_37)","decl":{"start":{"line":635,"column":31},"end":{"line":635,"column":36}},"loc":{"start":{"line":635,"column":36},"end":{"line":635,"column":81}},"line":635},"38":{"name":"(anonymous_38)","decl":{"start":{"line":640,"column":31},"end":{"line":640,"column":36}},"loc":{"start":{"line":640,"column":36},"end":{"line":640,"column":79}},"line":640},"39":{"name":"(anonymous_39)","decl":{"start":{"line":644,"column":31},"end":{"line":644,"column":36}},"loc":{"start":{"line":644,"column":36},"end":{"line":644,"column":70}},"line":644},"40":{"name":"(anonymous_40)","decl":{"start":{"line":648,"column":31},"end":{"line":648,"column":36}},"loc":{"start":{"line":648,"column":36},"end":{"line":648,"column":76}},"line":648},"41":{"name":"processStockMovements","decl":{"start":{"line":659,"column":16},"end":{"line":659,"column":null}},"loc":{"start":{"line":662,"column":21},"end":{"line":672,"column":null}},"line":662},"42":{"name":"getStockMovements","decl":{"start":{"line":679,"column":22},"end":{"line":679,"column":40}},"loc":{"start":{"line":679,"column":95},"end":{"line":728,"column":null}},"line":679},"43":{"name":"(anonymous_43)","decl":{"start":{"line":714,"column":55},"end":{"line":714,"column":64}},"loc":{"start":{"line":714,"column":64},"end":{"line":724,"column":4}},"line":714}},"branchMap":{"0":{"loc":{"start":{"line":95,"column":2},"end":{"line":95,"column":null}},"type":"if","locations":[{"start":{"line":95,"column":2},"end":{"line":95,"column":null}},{"start":{},"end":{}}],"line":95},"1":{"loc":{"start":{"line":97,"column":17},"end":{"line":97,"column":null}},"type":"binary-expr","locations":[{"start":{"line":97,"column":17},"end":{"line":97,"column":33}},{"start":{"line":97,"column":33},"end":{"line":97,"column":null}}],"line":97},"2":{"loc":{"start":{"line":102,"column":29},"end":{"line":102,"column":null}},"type":"cond-expr","locations":[{"start":{"line":102,"column":53},"end":{"line":102,"column":86}},{"start":{"line":102,"column":86},"end":{"line":102,"column":null}}],"line":102},"3":{"loc":{"start":{"line":134,"column":4},"end":{"line":140,"column":null}},"type":"if","locations":[{"start":{"line":134,"column":4},"end":{"line":140,"column":null}},{"start":{"line":137,"column":11},"end":{"line":140,"column":null}}],"line":134},"4":{"loc":{"start":{"line":142,"column":21},"end":{"line":142,"column":null}},"type":"binary-expr","locations":[{"start":{"line":142,"column":21},"end":{"line":142,"column":44}},{"start":{"line":142,"column":44},"end":{"line":142,"column":null}}],"line":142},"5":{"loc":{"start":{"line":183,"column":2},"end":{"line":183,"column":null}},"type":"if","locations":[{"start":{"line":183,"column":2},"end":{"line":183,"column":null}},{"start":{},"end":{}}],"line":183},"6":{"loc":{"start":{"line":188,"column":21},"end":{"line":188,"column":33}},"type":"binary-expr","locations":[{"start":{"line":188,"column":21},"end":{"line":188,"column":29}},{"start":{"line":188,"column":29},"end":{"line":188,"column":33}}],"line":188},"7":{"loc":{"start":{"line":192,"column":24},"end":{"line":192,"column":null}},"type":"binary-expr","locations":[{"start":{"line":192,"column":24},"end":{"line":192,"column":45}},{"start":{"line":192,"column":45},"end":{"line":192,"column":null}}],"line":192},"8":{"loc":{"start":{"line":193,"column":21},"end":{"line":193,"column":null}},"type":"binary-expr","locations":[{"start":{"line":193,"column":21},"end":{"line":193,"column":50}},{"start":{"line":193,"column":50},"end":{"line":193,"column":null}}],"line":193},"9":{"loc":{"start":{"line":237,"column":2},"end":{"line":237,"column":null}},"type":"if","locations":[{"start":{"line":237,"column":2},"end":{"line":237,"column":null}},{"start":{},"end":{}}],"line":237},"10":{"loc":{"start":{"line":242,"column":21},"end":{"line":242,"column":33}},"type":"binary-expr","locations":[{"start":{"line":242,"column":21},"end":{"line":242,"column":29}},{"start":{"line":242,"column":29},"end":{"line":242,"column":33}}],"line":242},"11":{"loc":{"start":{"line":246,"column":24},"end":{"line":246,"column":null}},"type":"binary-expr","locations":[{"start":{"line":246,"column":24},"end":{"line":246,"column":45}},{"start":{"line":246,"column":45},"end":{"line":246,"column":null}}],"line":246},"12":{"loc":{"start":{"line":247,"column":21},"end":{"line":247,"column":null}},"type":"binary-expr","locations":[{"start":{"line":247,"column":21},"end":{"line":247,"column":50}},{"start":{"line":247,"column":50},"end":{"line":247,"column":null}}],"line":247},"13":{"loc":{"start":{"line":285,"column":2},"end":{"line":285,"column":null}},"type":"if","locations":[{"start":{"line":285,"column":2},"end":{"line":285,"column":null}},{"start":{},"end":{}}],"line":285},"14":{"loc":{"start":{"line":300,"column":2},"end":{"line":300,"column":null}},"type":"if","locations":[{"start":{"line":300,"column":2},"end":{"line":300,"column":null}},{"start":{},"end":{}}],"line":300},"15":{"loc":{"start":{"line":305,"column":21},"end":{"line":305,"column":34}},"type":"binary-expr","locations":[{"start":{"line":305,"column":21},"end":{"line":305,"column":30}},{"start":{"line":305,"column":30},"end":{"line":305,"column":34}}],"line":305},"16":{"loc":{"start":{"line":309,"column":21},"end":{"line":309,"column":null}},"type":"binary-expr","locations":[{"start":{"line":309,"column":21},"end":{"line":309,"column":46}},{"start":{"line":309,"column":46},"end":{"line":309,"column":null}}],"line":309},"17":{"loc":{"start":{"line":331,"column":17},"end":{"line":331,"column":null}},"type":"binary-expr","locations":[{"start":{"line":331,"column":17},"end":{"line":331,"column":34}},{"start":{"line":331,"column":34},"end":{"line":331,"column":null}}],"line":331},"18":{"loc":{"start":{"line":352,"column":21},"end":{"line":352,"column":null}},"type":"binary-expr","locations":[{"start":{"line":352,"column":21},"end":{"line":352,"column":56}},{"start":{"line":352,"column":56},"end":{"line":352,"column":null}}],"line":352},"19":{"loc":{"start":{"line":381,"column":21},"end":{"line":381,"column":null}},"type":"binary-expr","locations":[{"start":{"line":381,"column":21},"end":{"line":381,"column":56}},{"start":{"line":381,"column":56},"end":{"line":381,"column":null}}],"line":381},"20":{"loc":{"start":{"line":410,"column":2},"end":{"line":414,"column":null}},"type":"if","locations":[{"start":{"line":410,"column":2},"end":{"line":414,"column":null}},{"start":{"line":412,"column":2},"end":{"line":414,"column":null}}],"line":410},"21":{"loc":{"start":{"line":412,"column":2},"end":{"line":414,"column":null}},"type":"if","locations":[{"start":{"line":412,"column":2},"end":{"line":414,"column":null}},{"start":{},"end":{}}],"line":412},"22":{"loc":{"start":{"line":476,"column":2},"end":{"line":480,"column":null}},"type":"if","locations":[{"start":{"line":476,"column":2},"end":{"line":480,"column":null}},{"start":{},"end":{}}],"line":476},"23":{"loc":{"start":{"line":482,"column":2},"end":{"line":486,"column":null}},"type":"if","locations":[{"start":{"line":482,"column":2},"end":{"line":486,"column":null}},{"start":{},"end":{}}],"line":482},"24":{"loc":{"start":{"line":517,"column":2},"end":{"line":517,"column":null}},"type":"if","locations":[{"start":{"line":517,"column":2},"end":{"line":517,"column":null}},{"start":{},"end":{}}],"line":517},"25":{"loc":{"start":{"line":520,"column":44},"end":{"line":520,"column":58}},"type":"binary-expr","locations":[{"start":{"line":520,"column":44},"end":{"line":520,"column":56}},{"start":{"line":520,"column":56},"end":{"line":520,"column":58}}],"line":520},"26":{"loc":{"start":{"line":523,"column":2},"end":{"line":525,"column":null}},"type":"if","locations":[{"start":{"line":523,"column":2},"end":{"line":525,"column":null}},{"start":{},"end":{}}],"line":523},"27":{"loc":{"start":{"line":523,"column":6},"end":{"line":523,"column":60}},"type":"binary-expr","locations":[{"start":{"line":523,"column":6},"end":{"line":523,"column":18}},{"start":{"line":523,"column":18},"end":{"line":523,"column":38}},{"start":{"line":523,"column":38},"end":{"line":523,"column":60}}],"line":523},"28":{"loc":{"start":{"line":589,"column":27},"end":{"line":589,"column":null}},"type":"binary-expr","locations":[{"start":{"line":589,"column":27},"end":{"line":589,"column":71}},{"start":{"line":589,"column":71},"end":{"line":589,"column":null}}],"line":589},"29":{"loc":{"start":{"line":593,"column":4},"end":{"line":600,"column":null}},"type":"if","locations":[{"start":{"line":593,"column":4},"end":{"line":600,"column":null}},{"start":{"line":595,"column":4},"end":{"line":600,"column":null}}],"line":593},"30":{"loc":{"start":{"line":595,"column":4},"end":{"line":600,"column":null}},"type":"if","locations":[{"start":{"line":595,"column":4},"end":{"line":600,"column":null}},{"start":{"line":597,"column":11},"end":{"line":600,"column":null}}],"line":595},"31":{"loc":{"start":{"line":633,"column":2},"end":{"line":636,"column":null}},"type":"if","locations":[{"start":{"line":633,"column":2},"end":{"line":636,"column":null}},{"start":{},"end":{}}],"line":633},"32":{"loc":{"start":{"line":638,"column":2},"end":{"line":641,"column":null}},"type":"if","locations":[{"start":{"line":638,"column":2},"end":{"line":641,"column":null}},{"start":{},"end":{}}],"line":638},"33":{"loc":{"start":{"line":643,"column":2},"end":{"line":645,"column":null}},"type":"if","locations":[{"start":{"line":643,"column":2},"end":{"line":645,"column":null}},{"start":{},"end":{}}],"line":643},"34":{"loc":{"start":{"line":647,"column":2},"end":{"line":649,"column":null}},"type":"if","locations":[{"start":{"line":647,"column":2},"end":{"line":649,"column":null}},{"start":{},"end":{}}],"line":647},"35":{"loc":{"start":{"line":664,"column":28},"end":{"line":664,"column":null}},"type":"cond-expr","locations":[{"start":{"line":664,"column":38},"end":{"line":664,"column":76}},{"start":{"line":664,"column":76},"end":{"line":664,"column":null}}],"line":664},"36":{"loc":{"start":{"line":696,"column":2},"end":{"line":698,"column":null}},"type":"if","locations":[{"start":{"line":696,"column":2},"end":{"line":698,"column":null}},{"start":{},"end":{}}],"line":696},"37":{"loc":{"start":{"line":699,"column":2},"end":{"line":701,"column":null}},"type":"if","locations":[{"start":{"line":699,"column":2},"end":{"line":701,"column":null}},{"start":{},"end":{}}],"line":699},"38":{"loc":{"start":{"line":702,"column":2},"end":{"line":704,"column":null}},"type":"if","locations":[{"start":{"line":702,"column":2},"end":{"line":704,"column":null}},{"start":{},"end":{}}],"line":702},"39":{"loc":{"start":{"line":705,"column":2},"end":{"line":707,"column":null}},"type":"if","locations":[{"start":{"line":705,"column":2},"end":{"line":707,"column":null}},{"start":{},"end":{}}],"line":705},"40":{"loc":{"start":{"line":711,"column":2},"end":{"line":711,"column":null}},"type":"if","locations":[{"start":{"line":711,"column":2},"end":{"line":711,"column":null}},{"start":{},"end":{}}],"line":711},"41":{"loc":{"start":{"line":714,"column":39},"end":{"line":714,"column":51}},"type":"binary-expr","locations":[{"start":{"line":714,"column":39},"end":{"line":714,"column":47}},{"start":{"line":714,"column":47},"end":{"line":714,"column":51}}],"line":714},"42":{"loc":{"start":{"line":719,"column":19},"end":{"line":719,"column":null}},"type":"binary-expr","locations":[{"start":{"line":719,"column":19},"end":{"line":719,"column":50}},{"start":{"line":719,"column":50},"end":{"line":719,"column":null}}],"line":719},"43":{"loc":{"start":{"line":722,"column":20},"end":{"line":722,"column":null}},"type":"binary-expr","locations":[{"start":{"line":722,"column":20},"end":{"line":722,"column":43}},{"start":{"line":722,"column":43},"end":{"line":722,"column":null}}],"line":722},"44":{"loc":{"start":{"line":723,"column":18},"end":{"line":723,"column":null}},"type":"binary-expr","locations":[{"start":{"line":723,"column":18},"end":{"line":723,"column":39}},{"start":{"line":723,"column":39},"end":{"line":723,"column":null}}],"line":723}},"s":{"0":0,"1":0,"2":0,"3":0,"4":0,"5":0,"6":0,"7":0,"8":0,"9":0,"10":0,"11":0,"12":0,"13":501,"14":501,"15":2774,"16":2774,"17":588,"18":2186,"19":2774,"20":2774,"21":501,"22":2383,"23":4137,"24":0,"25":0,"26":0,"27":0,"28":0,"29":0,"30":0,"31":0,"32":0,"33":0,"34":0,"35":0,"36":0,"37":0,"38":0,"39":0,"40":0,"41":0,"42":0,"43":0,"44":0,"45":0,"46":0,"47":0,"48":0,"49":0,"50":0,"51":0,"52":0,"53":0,"54":0,"55":0,"56":0,"57":0,"58":0,"59":0,"60":0,"61":0,"62":0,"63":0,"64":0,"65":0,"66":0,"67":0,"68":0,"69":0,"70":0,"71":0,"72":0,"73":0,"74":401,"75":401,"76":2258,"77":2258,"78":401,"79":2258,"80":4267,"81":201,"82":201,"83":1120,"84":1120,"85":201,"86":1120,"87":2147,"88":7123,"89":764,"90":6359,"91":5690,"92":669,"93":1302,"94":7116,"95":7116,"96":7116,"97":1302,"98":7116,"99":1302,"100":7116,"101":1302,"102":601,"103":601,"104":301,"105":1833,"106":601,"107":300,"108":1505,"109":601,"110":1548,"111":601,"112":1548,"113":601,"114":0,"115":0,"116":0,"117":0,"118":0,"119":0,"120":0,"121":501,"122":2955,"123":501,"124":501,"125":2289,"126":2289,"127":1494,"128":795,"129":538,"130":257,"131":2289,"132":2289,"133":2289,"134":501,"135":500,"136":500,"137":100,"138":100,"139":653,"140":500,"141":100,"142":100,"143":475,"144":500,"145":100,"146":597,"147":500,"148":200,"149":1165,"150":500,"151":100,"152":100,"153":100,"154":0,"155":0,"156":0,"157":0,"158":0,"159":0,"160":0,"161":0,"162":0,"163":0,"164":0,"165":0,"166":0,"167":0,"168":0},"f":{"0":0,"1":0,"2":501,"3":2383,"4":4137,"5":0,"6":0,"7":0,"8":0,"9":0,"10":0,"11":0,"12":0,"13":0,"14":0,"15":0,"16":401,"17":2258,"18":4267,"19":201,"20":1120,"21":2147,"22":7123,"23":1302,"24":7116,"25":7116,"26":7116,"27":601,"28":1833,"29":1505,"30":1548,"31":1548,"32":0,"33":501,"34":2955,"35":2289,"36":500,"37":653,"38":475,"39":597,"40":1165,"41":100,"42":0,"43":0},"b":{"0":[0,0],"1":[0,0],"2":[0,0],"3":[588,2186],"4":[2774,2383],"5":[0,0],"6":[0,0],"7":[0,0],"8":[0,0],"9":[0,0],"10":[0,0],"11":[0,0],"12":[0,0],"13":[0,0],"14":[0,0],"15":[0,0],"16":[0,0],"17":[0,0],"18":[2258,2258],"19":[1120,1120],"20":[764,6359],"21":[5690,669],"22":[301,300],"23":[300,301],"24":[0,0],"25":[0,0],"26":[0,0],"27":[0,0,0],"28":[2289,1216],"29":[1494,795],"30":[538,257],"31":[100,400],"32":[100,400],"33":[100,400],"34":[200,300],"35":[100,0],"36":[0,0],"37":[0,0],"38":[0,0],"39":[0,0],"40":[0,0],"41":[0,0],"42":[0,0],"43":[0,0],"44":[0,0]},"meta":{"lastBranch":45,"lastFunction":44,"lastStatement":169,"seen":{"f:81:22:81:Infinity":0,"s:85:33:85:Infinity":0,"s:88:49:93:Infinity":1,"b:95:2:95:Infinity:undefined:undefined:undefined:undefined":0,"s:95:2:95:Infinity":2,"s:95:15:95:Infinity":3,"s:97:17:97:Infinity":4,"b:97:17:97:33:97:33:97:Infinity":1,"s:100:21:100:Infinity":5,"f:100:35:100:36":1,"s:100:48:100:79":6,"s:101:28:101:Infinity":7,"s:102:29:102:Infinity":8,"b:102:53:102:86:102:86:102:Infinity":2,"s:105:24:105:Infinity":9,"s:108:32:108:Infinity":10,"s:109:31:109:Infinity":11,"s:111:2:118:Infinity":12,"f:124:9:124:Infinity":2,"s:128:18:128:Infinity":13,"s:130:2:147:Infinity":14,"s:131:17:131:Infinity":15,"b:134:4:140:Infinity:137:11:140:Infinity":3,"s:134:4:140:Infinity":16,"s:136:6:136:Infinity":17,"s:139:6:139:Infinity":18,"s:142:21:142:Infinity":19,"b:142:21:142:44:142:44:142:Infinity":4,"s:143:4:146:Infinity":20,"s:150:2:156:Infinity":21,"f:151:9:151:10":3,"s:151:30:155:6":22,"f:156:10:156:11":4,"s:156:20:156:59":23,"f:165:15:165:Infinity":5,"s:170:26:181:Infinity":24,"b:183:2:183:Infinity:undefined:undefined:undefined:undefined":5,"s:183:2:183:Infinity":25,"s:183:13:183:Infinity":26,"s:186:21:186:Infinity":27,"s:188:2:200:Infinity":28,"b:188:21:188:29:188:29:188:33":6,"s:189:22:189:Infinity":29,"s:191:24:191:Infinity":30,"s:192:24:192:Infinity":31,"b:192:24:192:45:192:45:192:Infinity":7,"s:193:21:193:Infinity":32,"b:193:21:193:50:193:50:193:Infinity":8,"s:195:4:199:Infinity":33,"s:203:2:211:Infinity":34,"f:204:9:204:10":6,"s:204:33:209:6":35,"f:210:10:210:11":7,"s:210:20:210:43":36,"f:219:15:219:Infinity":8,"s:224:26:235:Infinity":37,"b:237:2:237:Infinity:undefined:undefined:undefined:undefined":9,"s:237:2:237:Infinity":38,"s:237:13:237:Infinity":39,"s:240:21:240:Infinity":40,"s:242:2:254:Infinity":41,"b:242:21:242:29:242:29:242:33":10,"s:243:22:243:Infinity":42,"s:245:24:245:Infinity":43,"s:246:24:246:Infinity":44,"b:246:24:246:45:246:45:246:Infinity":11,"s:247:21:247:Infinity":45,"b:247:21:247:50:247:50:247:Infinity":12,"s:249:4:253:Infinity":46,"s:257:2:265:Infinity":47,"f:258:9:258:10":9,"s:258:33:263:6":48,"f:264:10:264:11":10,"s:264:20:264:41":49,"f:272:22:272:Infinity":11,"s:276:33:276:Infinity":50,"s:279:49:283:Infinity":51,"b:285:2:285:Infinity:undefined:undefined:undefined:undefined":13,"s:285:2:285:Infinity":52,"s:285:20:285:Infinity":53,"s:288:45:298:Infinity":54,"b:300:2:300:Infinity:undefined:undefined:undefined:undefined":14,"s:300:2:300:Infinity":55,"s:300:18:300:Infinity":56,"s:303:19:303:Infinity":57,"s:305:2:315:Infinity":58,"b:305:21:305:30:305:30:305:34":15,"s:307:15:307:Infinity":59,"s:308:21:308:Infinity":60,"s:309:21:309:Infinity":61,"b:309:21:309:46:309:46:309:Infinity":16,"s:311:4:311:Infinity":62,"s:312:4:312:Infinity":63,"s:313:4:313:Infinity":64,"s:314:4:314:Infinity":65,"s:317:23:324:Infinity":66,"f:318:9:318:10":12,"s:318:28:323:6":67,"f:324:10:324:11":13,"s:324:20:324:48":68,"s:326:24:326:Infinity":69,"f:326:44:326:45":14,"s:326:56:326:74":70,"s:327:23:327:Infinity":71,"f:327:43:327:44":15,"s:327:55:327:72":72,"s:329:2:335:Infinity":73,"b:331:17:331:34:331:34:331:Infinity":17,"f:346:16:346:Infinity":16,"s:349:21:349:Infinity":74,"s:351:2:358:Infinity":75,"s:352:21:352:Infinity":76,"b:352:21:352:56:352:56:352:Infinity":18,"s:353:4:357:Infinity":77,"s:360:2:368:Infinity":78,"f:361:9:361:10":17,"s:361:33:366:6":79,"f:367:10:367:11":18,"s:367:20:367:43":80,"f:375:16:375:Infinity":19,"s:378:21:378:Infinity":81,"s:380:2:387:Infinity":82,"s:381:21:381:Infinity":83,"b:381:21:381:56:381:56:381:Infinity":19,"s:382:4:386:Infinity":84,"s:389:2:397:Infinity":85,"f:390:9:390:10":20,"s:390:33:395:6":86,"f:396:10:396:11":21,"s:396:20:396:41":87,"f:409:16:409:37":22,"b:410:2:414:Infinity:412:2:414:Infinity":20,"s:410:2:414:Infinity":88,"s:411:4:411:Infinity":89,"b:412:2:414:Infinity:undefined:undefined:undefined:undefined":21,"s:412:2:414:Infinity":90,"s:413:4:413:Infinity":91,"s:415:2:415:Infinity":92,"f:423:16:423:Infinity":23,"s:433:48:447:Infinity":93,"f:433:61:433:72":24,"s:434:24:434:Infinity":94,"s:435:23:435:Infinity":95,"s:437:4:446:Infinity":96,"s:449:30:452:Infinity":97,"f:450:4:450:5":25,"s:450:22:450:Infinity":98,"s:454:24:456:Infinity":99,"f:455:4:455:15":26,"s:455:15:455:Infinity":100,"s:458:2:462:Infinity":101,"f:470:16:470:Infinity":27,"s:474:25:474:Infinity":102,"b:476:2:480:Infinity:undefined:undefined:undefined:undefined":22,"s:476:2:480:Infinity":103,"s:477:4:479:Infinity":104,"f:478:6:478:17":28,"s:478:17:478:Infinity":105,"b:482:2:486:Infinity:undefined:undefined:undefined:undefined":23,"s:482:2:486:Infinity":106,"s:483:4:485:Infinity":107,"f:484:6:484:17":29,"s:484:17:484:Infinity":108,"s:488:30:491:Infinity":109,"f:489:4:489:5":30,"s:489:22:489:Infinity":110,"s:493:24:495:Infinity":111,"f:494:4:494:15":31,"s:494:15:494:Infinity":112,"s:497:2:501:Infinity":113,"f:509:22:509:37":32,"s:511:36:515:Infinity":114,"b:517:2:517:Infinity:undefined:undefined:undefined:undefined":24,"s:517:2:517:Infinity":115,"s:517:13:517:Infinity":116,"s:520:21:520:Infinity":117,"b:520:44:520:56:520:56:520:58":25,"b:523:2:525:Infinity:undefined:undefined:undefined:undefined":26,"s:523:2:525:Infinity":118,"b:523:6:523:18:523:18:523:38:523:38:523:60":27,"s:524:4:524:Infinity":119,"s:527:2:527:Infinity":120,"f:579:16:579:40":33,"s:581:26:583:Infinity":121,"f:582:4:582:5":34,"s:582:14:582:Infinity":122,"s:586:26:586:Infinity":123,"s:588:38:616:Infinity":124,"f:588:58:588:70":35,"s:589:27:589:Infinity":125,"b:589:27:589:71:589:71:589:Infinity":28,"b:593:4:600:Infinity:595:4:600:Infinity":29,"s:593:4:600:Infinity":126,"s:594:6:594:Infinity":127,"b:595:4:600:Infinity:597:11:600:Infinity":30,"s:595:4:600:Infinity":128,"s:596:6:596:Infinity":129,"s:599:6:599:Infinity":130,"s:602:23:602:Infinity":131,"s:603:4:603:Infinity":132,"s:605:4:615:Infinity":133,"s:619:2:619:Infinity":134,"f:627:16:627:Infinity":36,"s:631:17:631:Infinity":135,"b:633:2:636:Infinity:undefined:undefined:undefined:undefined":31,"s:633:2:636:Infinity":136,"s:634:22:634:Infinity":137,"s:635:4:635:Infinity":138,"f:635:31:635:36":37,"s:635:36:635:81":139,"b:638:2:641:Infinity:undefined:undefined:undefined:undefined":32,"s:638:2:641:Infinity":140,"s:639:20:639:Infinity":141,"s:640:4:640:Infinity":142,"f:640:31:640:36":38,"s:640:36:640:79":143,"b:643:2:645:Infinity:undefined:undefined:undefined:undefined":33,"s:643:2:645:Infinity":144,"s:644:4:644:Infinity":145,"f:644:31:644:36":39,"s:644:36:644:70":146,"b:647:2:649:Infinity:undefined:undefined:undefined:undefined":34,"s:647:2:649:Infinity":147,"s:648:4:648:Infinity":148,"f:648:31:648:36":40,"s:648:36:648:76":149,"s:651:2:651:Infinity":150,"f:659:16:659:Infinity":41,"s:664:28:664:Infinity":151,"b:664:38:664:76:664:76:664:Infinity":35,"s:667:29:667:Infinity":152,"s:669:2:671:Infinity":153,"f:679:22:679:40":42,"s:681:14:693:Infinity":154,"b:696:2:698:Infinity:undefined:undefined:undefined:undefined":36,"s:696:2:698:Infinity":155,"s:697:4:697:Infinity":156,"b:699:2:701:Infinity:undefined:undefined:undefined:undefined":37,"s:699:2:701:Infinity":157,"s:700:4:700:Infinity":158,"b:702:2:704:Infinity:undefined:undefined:undefined:undefined":38,"s:702:2:704:Infinity":159,"s:703:4:703:Infinity":160,"b:705:2:707:Infinity:undefined:undefined:undefined:undefined":39,"s:705:2:707:Infinity":161,"s:706:4:706:Infinity":162,"s:709:26:709:Infinity":163,"b:711:2:711:Infinity:undefined:undefined:undefined:undefined":40,"s:711:2:711:Infinity":164,"s:711:13:711:Infinity":165,"s:714:8:724:Infinity":166,"b:714:39:714:47:714:47:714:51":41,"f:714:55:714:64":43,"s:714:64:724:4":167,"b:719:19:719:50:719:50:719:Infinity":42,"b:722:20:722:43:722:43:722:Infinity":43,"b:723:18:723:39:723:39:723:Infinity":44,"s:727:2:727:Infinity":168}}}
}
